<?xml version='1.0' encoding='UTF-8'?>
<buildlog>
  <outpath>.</outpath>
  <operation>
    <module>lbuild</module>
    <source>buildlog.xml.in</source>
    <destination>project.xml.log</destination>
  </operation>
  <operation>
    <module>modm:architecture</module>
    <source>../../external/modm/src/modm/architecture/architecture.hpp</source>
    <destination>modm/src/modm/architecture.hpp</destination>
    <time>0.166 ms</time>
  </operation>
  <operation>
    <module>modm:architecture</module>
    <source>../../external/modm/src/modm/architecture/detect.hpp</source>
    <destination>modm/src/modm/architecture/detect.hpp</destination>
    <time>0.177 ms</time>
  </operation>
  <operation>
    <module>modm:architecture</module>
    <source>../../external/modm/src/modm/architecture/interface.hpp.in</source>
    <destination>modm/src/modm/architecture/interface.hpp</destination>
    <time>1.542 ms</time>
  </operation>
  <operation>
    <module>modm:architecture</module>
    <source>../../external/modm/src/modm/architecture/interface/peripheral.hpp</source>
    <destination>modm/src/modm/architecture/interface/peripheral.hpp</destination>
    <time>0.174 ms</time>
  </operation>
  <operation>
    <module>modm:architecture</module>
    <source>../../external/modm/src/modm/architecture/utils.hpp</source>
    <destination>modm/src/modm/architecture/utils.hpp</destination>
    <time>0.195 ms</time>
  </operation>
  <operation>
    <module>modm:architecture:accessor</module>
    <source>../../external/modm/src/modm/architecture/interface/accessor.hpp</source>
    <destination>modm/src/modm/architecture/interface/accessor.hpp</destination>
    <time>0.170 ms</time>
  </operation>
  <operation>
    <module>modm:architecture:accessor</module>
    <source>../../external/modm/src/modm/architecture/interface/accessor_flash.hpp</source>
    <destination>modm/src/modm/architecture/interface/accessor_flash.hpp</destination>
    <time>0.168 ms</time>
  </operation>
  <operation>
    <module>modm:architecture:accessor</module>
    <source>../../external/modm/src/modm/architecture/interface/accessor_ram.hpp</source>
    <destination>modm/src/modm/architecture/interface/accessor_ram.hpp</destination>
    <time>0.164 ms</time>
  </operation>
  <operation>
    <module>modm:architecture:assert</module>
    <source>../../external/modm/src/modm/architecture/interface/assert.h.in</source>
    <destination>modm/src/modm/architecture/interface/assert.h</destination>
    <time>3.716 ms</time>
  </operation>
  <operation>
    <module>modm:architecture:assert</module>
    <source>../../external/modm/src/modm/architecture/interface/assert.hpp.in</source>
    <destination>modm/src/modm/architecture/interface/assert.hpp</destination>
    <time>2.409 ms</time>
  </operation>
  <operation>
    <module>modm:architecture:atomic</module>
    <source>../../external/modm/src/modm/architecture/driver/atomic.hpp</source>
    <destination>modm/src/modm/architecture/driver/atomic.hpp</destination>
    <time>0.162 ms</time>
  </operation>
  <operation>
    <module>modm:architecture:atomic</module>
    <source>../../external/modm/src/modm/architecture/driver/atomic/container.hpp</source>
    <destination>modm/src/modm/architecture/driver/atomic/container.hpp</destination>
    <time>0.117 ms</time>
  </operation>
  <operation>
    <module>modm:architecture:atomic</module>
    <source>../../external/modm/src/modm/architecture/driver/atomic/flag.cpp</source>
    <destination>modm/src/modm/architecture/driver/atomic/flag.cpp</destination>
    <time>0.113 ms</time>
  </operation>
  <operation>
    <module>modm:architecture:atomic</module>
    <source>../../external/modm/src/modm/architecture/driver/atomic/flag.hpp</source>
    <destination>modm/src/modm/architecture/driver/atomic/flag.hpp</destination>
    <time>0.112 ms</time>
  </operation>
  <operation>
    <module>modm:architecture:atomic</module>
    <source>../../external/modm/src/modm/architecture/driver/atomic/queue.hpp</source>
    <destination>modm/src/modm/architecture/driver/atomic/queue.hpp</destination>
    <time>0.184 ms</time>
  </operation>
  <operation>
    <module>modm:architecture:atomic</module>
    <source>../../external/modm/src/modm/architecture/driver/atomic/queue_impl.hpp</source>
    <destination>modm/src/modm/architecture/driver/atomic/queue_impl.hpp</destination>
    <time>0.113 ms</time>
  </operation>
  <operation>
    <module>modm:architecture:atomic</module>
    <source>../../external/modm/src/modm/architecture/interface/atomic_lock.hpp</source>
    <destination>modm/src/modm/architecture/interface/atomic_lock.hpp</destination>
    <time>0.186 ms</time>
  </operation>
  <operation>
    <module>modm:architecture:clock</module>
    <source>../../external/modm/src/modm/architecture/interface/clock.hpp</source>
    <destination>modm/src/modm/architecture/interface/clock.hpp</destination>
    <time>0.226 ms</time>
  </operation>
  <operation>
    <module>modm:architecture:delay</module>
    <source>../../external/modm/src/modm/architecture/interface/delay.hpp</source>
    <destination>modm/src/modm/architecture/interface/delay.hpp</destination>
    <time>0.166 ms</time>
  </operation>
  <operation>
    <module>modm:architecture:gpio</module>
    <source>../../external/modm/src/modm/architecture/interface/gpio.hpp</source>
    <destination>modm/src/modm/architecture/interface/gpio.hpp</destination>
    <time>0.194 ms</time>
  </operation>
  <operation>
    <module>modm:architecture:interrupt</module>
    <source>../../external/modm/src/modm/architecture/interface/interrupt.hpp</source>
    <destination>modm/src/modm/architecture/interface/interrupt.hpp</destination>
    <time>0.219 ms</time>
  </operation>
  <operation>
    <module>modm:architecture:register</module>
    <source>../../external/modm/src/modm/architecture/interface/register.hpp</source>
    <destination>modm/src/modm/architecture/interface/register.hpp</destination>
    <time>0.184 ms</time>
  </operation>
  <operation>
    <module>modm:architecture:spi</module>
    <source>../../external/modm/src/modm/architecture/interface/spi.hpp</source>
    <destination>modm/src/modm/architecture/interface/spi.hpp</destination>
    <time>0.320 ms</time>
  </operation>
  <operation>
    <module>modm:architecture:spi</module>
    <source>../../external/modm/src/modm/architecture/interface/spi_lock.hpp</source>
    <destination>modm/src/modm/architecture/interface/spi_lock.hpp</destination>
    <time>0.171 ms</time>
  </operation>
  <operation>
    <module>modm:architecture:spi</module>
    <source>../../external/modm/src/modm/architecture/interface/spi_master.hpp</source>
    <destination>modm/src/modm/architecture/interface/spi_master.hpp</destination>
    <time>0.188 ms</time>
  </operation>
  <operation>
    <module>modm:architecture:uart</module>
    <source>../../external/modm/src/modm/architecture/interface/uart.hpp</source>
    <destination>modm/src/modm/architecture/interface/uart.hpp</destination>
    <time>0.179 ms</time>
  </operation>
  <operation>
    <module>modm:board</module>
    <source>../../external/modm/src/modm/board/board.hpp</source>
    <destination>modm/src/modm/board.hpp</destination>
    <time>0.198 ms</time>
  </operation>
  <operation>
    <module>modm:board:nucleo-f767zi</module>
    <source>../../external/modm/src/modm/board/board.cpp.in</source>
    <destination>modm/src/modm/board/board.cpp</destination>
    <time>2.710 ms</time>
  </operation>
  <operation>
    <module>modm:board:nucleo-f767zi</module>
    <source>../../external/modm/src/modm/board/nucleo144_arduino.hpp</source>
    <destination>modm/src/modm/board/nucleo144_arduino.hpp</destination>
    <time>0.177 ms</time>
  </operation>
  <operation>
    <module>modm:board:nucleo-f767zi</module>
    <source>../../external/modm/src/modm/board/nucleo_f767zi/board.hpp</source>
    <destination>modm/src/modm/board/board.hpp</destination>
    <time>0.144 ms</time>
  </operation>
  <operation>
    <module>modm:build</module>
    <source>../../external/modm/tools/build_script_generator/gdbinit.in</source>
    <destination>modm/gdbinit</destination>
    <time>4.829 ms</time>
  </operation>
  <operation>
    <module>modm:build</module>
    <source>../../external/modm/tools/build_script_generator/openocd.cfg.in</source>
    <destination>modm/openocd.cfg</destination>
    <time>10.138 ms</time>
  </operation>
  <operation>
    <module>modm:build</module>
    <source>../../external/modm/tools/build_script_generator/probe_gdbinit.in</source>
    <destination>modm/gdbinit_bmp</destination>
    <time>0.162 ms</time>
  </operation>
  <operation>
    <module>modm:build</module>
    <source>../../external/modm/tools/build_script_generator/probe_gdbinit.in</source>
    <destination>modm/gdbinit_jlink</destination>
    <time>0.198 ms</time>
  </operation>
  <operation>
    <module>modm:build</module>
    <source>../../external/modm/tools/build_script_generator/probe_gdbinit.in</source>
    <destination>modm/gdbinit_openocd</destination>
    <time>2.084 ms</time>
  </operation>
  <operation>
    <module>modm:build</module>
    <source>../../external/modm/tools/modm_tools/__init__.py.in</source>
    <destination>modm/modm_tools/__init__.py</destination>
    <time>2.452 ms</time>
  </operation>
  <operation>
    <module>modm:build</module>
    <source>../../external/modm/tools/modm_tools/backend.py</source>
    <destination>modm/modm_tools/backend.py</destination>
    <time>0.170 ms</time>
  </operation>
  <operation>
    <module>modm:build</module>
    <source>../../external/modm/tools/modm_tools/bmp.py</source>
    <destination>modm/modm_tools/bmp.py</destination>
    <time>0.175 ms</time>
  </operation>
  <operation>
    <module>modm:build</module>
    <source>../../external/modm/tools/modm_tools/build_id.py</source>
    <destination>modm/modm_tools/build_id.py</destination>
    <time>0.202 ms</time>
  </operation>
  <operation>
    <module>modm:build</module>
    <source>../../external/modm/tools/modm_tools/crashdebug.py</source>
    <destination>modm/modm_tools/crashdebug.py</destination>
    <time>0.199 ms</time>
  </operation>
  <operation>
    <module>modm:build</module>
    <source>../../external/modm/tools/modm_tools/elf2uf2.py</source>
    <destination>modm/modm_tools/elf2uf2.py</destination>
    <time>0.183 ms</time>
  </operation>
  <operation>
    <module>modm:build</module>
    <source>../../external/modm/tools/modm_tools/find_files.py</source>
    <destination>modm/modm_tools/find_files.py</destination>
    <time>0.239 ms</time>
  </operation>
  <operation>
    <module>modm:build</module>
    <source>../../external/modm/tools/modm_tools/gdb.py</source>
    <destination>modm/modm_tools/gdb.py</destination>
    <time>0.169 ms</time>
  </operation>
  <operation>
    <module>modm:build</module>
    <source>../../external/modm/tools/modm_tools/itm.py</source>
    <destination>modm/modm_tools/itm.py</destination>
    <time>0.181 ms</time>
  </operation>
  <operation>
    <module>modm:build</module>
    <source>../../external/modm/tools/modm_tools/jlink.py</source>
    <destination>modm/modm_tools/jlink.py</destination>
    <time>0.172 ms</time>
  </operation>
  <operation>
    <module>modm:build</module>
    <source>../../external/modm/tools/modm_tools/openocd.py</source>
    <destination>modm/modm_tools/openocd.py</destination>
    <time>0.175 ms</time>
  </operation>
  <operation>
    <module>modm:build</module>
    <source>../../external/modm/tools/modm_tools/rtt.py</source>
    <destination>modm/modm_tools/rtt.py</destination>
    <time>0.174 ms</time>
  </operation>
  <operation>
    <module>modm:build</module>
    <source>../../external/modm/tools/modm_tools/size.py</source>
    <destination>modm/modm_tools/size.py</destination>
    <time>0.177 ms</time>
  </operation>
  <operation>
    <module>modm:build</module>
    <source>../../external/modm/tools/modm_tools/utils.py</source>
    <destination>modm/modm_tools/utils.py</destination>
    <time>0.187 ms</time>
  </operation>
  <operation>
    <module>modm:build:cmake</module>
    <source>../../external/modm/tools/build_script_generator/cmake/resources/CMakeLists.txt.in</source>
    <destination>modm/CMakeLists.txt</destination>
    <time>10.883 ms</time>
  </operation>
  <operation>
    <module>modm:build:cmake</module>
    <source>../../external/modm/tools/build_script_generator/cmake/resources/ModmConfiguration.cmake.in</source>
    <destination>modm/cmake/ModmConfiguration.cmake</destination>
    <time>28.971 ms</time>
  </operation>
  <operation>
    <module>modm:cmsis:core</module>
    <source>../../external/modm/ext/arm/cmsis/CMSIS/Core/Include/cachel1_armv7.h</source>
    <destination>modm/ext/cmsis/core/cachel1_armv7.h</destination>
    <time>0.171 ms</time>
  </operation>
  <operation>
    <module>modm:cmsis:core</module>
    <source>../../external/modm/ext/arm/cmsis/CMSIS/Core/Include/cmsis_compiler.h</source>
    <destination>modm/ext/cmsis/core/cmsis_compiler.h</destination>
    <time>0.180 ms</time>
  </operation>
  <operation>
    <module>modm:cmsis:core</module>
    <source>../../external/modm/ext/arm/cmsis/CMSIS/Core/Include/cmsis_gcc.h</source>
    <destination>modm/ext/cmsis/core/cmsis_gcc.h</destination>
    <time>0.211 ms</time>
  </operation>
  <operation>
    <module>modm:cmsis:core</module>
    <source>../../external/modm/ext/arm/cmsis/CMSIS/Core/Include/cmsis_version.h</source>
    <destination>modm/ext/cmsis/core/cmsis_version.h</destination>
    <time>0.187 ms</time>
  </operation>
  <operation>
    <module>modm:cmsis:core</module>
    <source>../../external/modm/ext/arm/cmsis/CMSIS/Core/Include/core_cm7.h</source>
    <destination>modm/ext/cmsis/core/core_cm7.h</destination>
    <time>0.443 ms</time>
  </operation>
  <operation>
    <module>modm:cmsis:core</module>
    <source>../../external/modm/ext/arm/cmsis/CMSIS/Core/Include/mpu_armv7.h</source>
    <destination>modm/ext/cmsis/core/mpu_armv7.h</destination>
    <time>0.172 ms</time>
  </operation>
  <operation>
    <module>modm:cmsis:device</module>
    <source>../../external/modm/ext/st/device.hpp.in</source>
    <destination>modm/src/modm/platform/device.hpp</destination>
    <time>3.494 ms</time>
  </operation>
  <operation>
    <module>modm:cmsis:device</module>
    <source>../../external/modm/ext/st/peripherals.hpp.in</source>
    <destination>modm/src/modm/platform/core/peripherals.hpp</destination>
    <time>1.245 ms</time>
  </operation>
  <operation>
    <module>modm:cmsis:device</module>
    <source>../../external/modm/ext/st/stm32/stm32f7xx/Include/stm32f767xx.h</source>
    <destination>modm/ext/cmsis/device/stm32f767xx.h</destination>
    <time>1.282 ms</time>
  </operation>
  <operation>
    <module>modm:cmsis:device</module>
    <source>../../external/modm/ext/st/stm32/stm32f7xx/Include/stm32f7xx.h</source>
    <destination>modm/ext/cmsis/device/stm32f7xx.h</destination>
    <time>0.184 ms</time>
  </operation>
  <operation>
    <module>modm:cmsis:device</module>
    <source>../../external/modm/ext/st/stm32/stm32f7xx/Include/system_stm32f7xx.h</source>
    <destination>modm/ext/cmsis/device/system_stm32f7xx.h</destination>
    <time>0.217 ms</time>
  </operation>
  <operation>
    <module>modm:container</module>
    <source>../../external/modm/src/modm/container/container.hpp</source>
    <destination>modm/src/modm/container.hpp</destination>
    <time>0.163 ms</time>
  </operation>
  <operation>
    <module>modm:container</module>
    <source>../../external/modm/src/modm/container/deque.hpp</source>
    <destination>modm/src/modm/container/deque.hpp</destination>
    <time>0.114 ms</time>
  </operation>
  <operation>
    <module>modm:container</module>
    <source>../../external/modm/src/modm/container/deque_impl.hpp</source>
    <destination>modm/src/modm/container/deque_impl.hpp</destination>
    <time>0.114 ms</time>
  </operation>
  <operation>
    <module>modm:container</module>
    <source>../../external/modm/src/modm/container/doubly_linked_list.hpp</source>
    <destination>modm/src/modm/container/doubly_linked_list.hpp</destination>
    <time>0.119 ms</time>
  </operation>
  <operation>
    <module>modm:container</module>
    <source>../../external/modm/src/modm/container/dynamic_array.hpp</source>
    <destination>modm/src/modm/container/dynamic_array.hpp</destination>
    <time>0.124 ms</time>
  </operation>
  <operation>
    <module>modm:container</module>
    <source>../../external/modm/src/modm/container/linked_list.hpp</source>
    <destination>modm/src/modm/container/linked_list.hpp</destination>
    <time>0.109 ms</time>
  </operation>
  <operation>
    <module>modm:container</module>
    <source>../../external/modm/src/modm/container/module.md</source>
    <destination>modm/src/modm/container/module.md</destination>
    <time>0.113 ms</time>
  </operation>
  <operation>
    <module>modm:container</module>
    <source>../../external/modm/src/modm/container/pair.hpp</source>
    <destination>modm/src/modm/container/pair.hpp</destination>
    <time>0.109 ms</time>
  </operation>
  <operation>
    <module>modm:container</module>
    <source>../../external/modm/src/modm/container/queue.hpp</source>
    <destination>modm/src/modm/container/queue.hpp</destination>
    <time>0.182 ms</time>
  </operation>
  <operation>
    <module>modm:container</module>
    <source>../../external/modm/src/modm/container/smart_pointer.cpp</source>
    <destination>modm/src/modm/container/smart_pointer.cpp</destination>
    <time>0.113 ms</time>
  </operation>
  <operation>
    <module>modm:container</module>
    <source>../../external/modm/src/modm/container/smart_pointer.hpp</source>
    <destination>modm/src/modm/container/smart_pointer.hpp</destination>
    <time>0.111 ms</time>
  </operation>
  <operation>
    <module>modm:container</module>
    <source>../../external/modm/src/modm/container/stack.hpp</source>
    <destination>modm/src/modm/container/stack.hpp</destination>
    <time>0.111 ms</time>
  </operation>
  <operation>
    <module>modm:debug</module>
    <source>../../external/modm/src/modm/debug/debug.hpp</source>
    <destination>modm/src/modm/debug.hpp</destination>
    <time>0.164 ms</time>
  </operation>
  <operation>
    <module>modm:debug</module>
    <source>../../external/modm/src/modm/debug/debug.hpp</source>
    <destination>modm/src/modm/debug/debug.hpp</destination>
    <time>0.201 ms</time>
  </operation>
  <operation>
    <module>modm:debug</module>
    <source>../../external/modm/src/modm/debug/logger.hpp</source>
    <destination>modm/src/modm/debug/logger.hpp</destination>
    <time>0.122 ms</time>
  </operation>
  <operation>
    <module>modm:debug</module>
    <source>../../external/modm/src/modm/debug/logger/level.hpp</source>
    <destination>modm/src/modm/debug/logger/level.hpp</destination>
    <time>0.115 ms</time>
  </operation>
  <operation>
    <module>modm:debug</module>
    <source>../../external/modm/src/modm/debug/logger/logger.hpp</source>
    <destination>modm/src/modm/debug/logger/logger.hpp</destination>
    <time>0.160 ms</time>
  </operation>
  <operation>
    <module>modm:debug</module>
    <source>../../external/modm/src/modm/debug/logger/style.hpp</source>
    <destination>modm/src/modm/debug/logger/style.hpp</destination>
    <time>0.113 ms</time>
  </operation>
  <operation>
    <module>modm:debug</module>
    <source>../../external/modm/src/modm/debug/logger/style/prefix.hpp</source>
    <destination>modm/src/modm/debug/logger/style/prefix.hpp</destination>
    <time>0.111 ms</time>
  </operation>
  <operation>
    <module>modm:debug</module>
    <source>../../external/modm/src/modm/debug/logger/style/prefix_impl.hpp</source>
    <destination>modm/src/modm/debug/logger/style/prefix_impl.hpp</destination>
    <time>0.151 ms</time>
  </operation>
  <operation>
    <module>modm:debug</module>
    <source>../../external/modm/src/modm/debug/logger/style/std_colour.hpp</source>
    <destination>modm/src/modm/debug/logger/style/std_colour.hpp</destination>
    <time>0.112 ms</time>
  </operation>
  <operation>
    <module>modm:debug</module>
    <source>../../external/modm/src/modm/debug/logger/style/std_colour_impl.hpp</source>
    <destination>modm/src/modm/debug/logger/style/std_colour_impl.hpp</destination>
    <time>0.113 ms</time>
  </operation>
  <operation>
    <module>modm:debug</module>
    <source>../../external/modm/src/modm/debug/logger/style_impl.hpp</source>
    <destination>modm/src/modm/debug/logger/style_impl.hpp</destination>
    <time>0.115 ms</time>
  </operation>
  <operation>
    <module>modm:debug</module>
    <source>../../external/modm/src/modm/debug/logger/style_wrapper.hpp</source>
    <destination>modm/src/modm/debug/logger/style_wrapper.hpp</destination>
    <time>0.111 ms</time>
  </operation>
  <operation>
    <module>modm:debug</module>
    <source>../../external/modm/src/modm/debug/module.md</source>
    <destination>modm/src/modm/debug/module.md</destination>
    <time>0.121 ms</time>
  </operation>
  <operation>
    <module>modm:docs</module>
    <source>../../external/modm/README.md</source>
    <destination>modm/docs/README.md</destination>
    <time>0.191 ms</time>
  </operation>
  <operation>
    <module>modm:docs</module>
    <source>../../external/modm/tools/doc_generator/custom.css</source>
    <destination>modm/docs/custom.css</destination>
    <time>0.195 ms</time>
  </operation>
  <operation>
    <module>modm:docs</module>
    <source>../../external/modm/tools/doc_generator/custom_dark_theme.css</source>
    <destination>modm/docs/custom_dark_theme.css</destination>
    <time>0.192 ms</time>
  </operation>
  <operation>
    <module>modm:docs</module>
    <source>../../external/modm/tools/doc_generator/doxyfile.cfg.in</source>
    <destination>modm/docs/doxyfile.cfg</destination>
    <time>2.104 ms</time>
  </operation>
  <operation>
    <module>modm:docs</module>
    <source>../../external/modm/tools/doc_generator/doxypress.json.in</source>
    <destination>modm/docs/doxypress.json</destination>
    <time>3.905 ms</time>
  </operation>
  <operation>
    <module>modm:docs</module>
    <source>../../external/modm/tools/doc_generator/footer.html</source>
    <destination>modm/docs/footer.html</destination>
    <time>0.215 ms</time>
  </operation>
  <operation>
    <module>modm:docs</module>
    <source>../../external/modm/tools/doc_generator/group.dox.in</source>
    <destination>modm/docs/dox/modm-architecture-accessor.dox</destination>
    <time>5.543 ms</time>
  </operation>
  <operation>
    <module>modm:docs</module>
    <source>../../external/modm/tools/doc_generator/group.dox.in</source>
    <destination>modm/docs/dox/modm-architecture-assert.dox</destination>
    <time>4.557 ms</time>
  </operation>
  <operation>
    <module>modm:docs</module>
    <source>../../external/modm/tools/doc_generator/group.dox.in</source>
    <destination>modm/docs/dox/modm-architecture-atomic.dox</destination>
    <time>4.641 ms</time>
  </operation>
  <operation>
    <module>modm:docs</module>
    <source>../../external/modm/tools/doc_generator/group.dox.in</source>
    <destination>modm/docs/dox/modm-architecture-clock.dox</destination>
    <time>4.702 ms</time>
  </operation>
  <operation>
    <module>modm:docs</module>
    <source>../../external/modm/tools/doc_generator/group.dox.in</source>
    <destination>modm/docs/dox/modm-architecture-delay.dox</destination>
    <time>7.852 ms</time>
  </operation>
  <operation>
    <module>modm:docs</module>
    <source>../../external/modm/tools/doc_generator/group.dox.in</source>
    <destination>modm/docs/dox/modm-architecture-gpio.dox</destination>
    <time>11.088 ms</time>
  </operation>
  <operation>
    <module>modm:docs</module>
    <source>../../external/modm/tools/doc_generator/group.dox.in</source>
    <destination>modm/docs/dox/modm-architecture-interrupt.dox</destination>
    <time>11.673 ms</time>
  </operation>
  <operation>
    <module>modm:docs</module>
    <source>../../external/modm/tools/doc_generator/group.dox.in</source>
    <destination>modm/docs/dox/modm-architecture-register.dox</destination>
    <time>10.380 ms</time>
  </operation>
  <operation>
    <module>modm:docs</module>
    <source>../../external/modm/tools/doc_generator/group.dox.in</source>
    <destination>modm/docs/dox/modm-architecture-spi.dox</destination>
    <time>9.810 ms</time>
  </operation>
  <operation>
    <module>modm:docs</module>
    <source>../../external/modm/tools/doc_generator/group.dox.in</source>
    <destination>modm/docs/dox/modm-architecture-uart.dox</destination>
    <time>8.325 ms</time>
  </operation>
  <operation>
    <module>modm:docs</module>
    <source>../../external/modm/tools/doc_generator/group.dox.in</source>
    <destination>modm/docs/dox/modm-architecture.dox</destination>
    <time>5.100 ms</time>
  </operation>
  <operation>
    <module>modm:docs</module>
    <source>../../external/modm/tools/doc_generator/group.dox.in</source>
    <destination>modm/docs/dox/modm-board-nucleo-f767zi.dox</destination>
    <time>9.279 ms</time>
  </operation>
  <operation>
    <module>modm:docs</module>
    <source>../../external/modm/tools/doc_generator/group.dox.in</source>
    <destination>modm/docs/dox/modm-board.dox</destination>
    <time>10.262 ms</time>
  </operation>
  <operation>
    <module>modm:docs</module>
    <source>../../external/modm/tools/doc_generator/group.dox.in</source>
    <destination>modm/docs/dox/modm-build-cmake.dox</destination>
    <time>10.156 ms</time>
  </operation>
  <operation>
    <module>modm:docs</module>
    <source>../../external/modm/tools/doc_generator/group.dox.in</source>
    <destination>modm/docs/dox/modm-build.dox</destination>
    <time>10.122 ms</time>
  </operation>
  <operation>
    <module>modm:docs</module>
    <source>../../external/modm/tools/doc_generator/group.dox.in</source>
    <destination>modm/docs/dox/modm-cmsis-core.dox</destination>
    <time>9.825 ms</time>
  </operation>
  <operation>
    <module>modm:docs</module>
    <source>../../external/modm/tools/doc_generator/group.dox.in</source>
    <destination>modm/docs/dox/modm-cmsis-device.dox</destination>
    <time>9.744 ms</time>
  </operation>
  <operation>
    <module>modm:docs</module>
    <source>../../external/modm/tools/doc_generator/group.dox.in</source>
    <destination>modm/docs/dox/modm-cmsis.dox</destination>
    <time>8.690 ms</time>
  </operation>
  <operation>
    <module>modm:docs</module>
    <source>../../external/modm/tools/doc_generator/group.dox.in</source>
    <destination>modm/docs/dox/modm-container.dox</destination>
    <time>8.954 ms</time>
  </operation>
  <operation>
    <module>modm:docs</module>
    <source>../../external/modm/tools/doc_generator/group.dox.in</source>
    <destination>modm/docs/dox/modm-debug.dox</destination>
    <time>9.668 ms</time>
  </operation>
  <operation>
    <module>modm:docs</module>
    <source>../../external/modm/tools/doc_generator/group.dox.in</source>
    <destination>modm/docs/dox/modm-docs.dox</destination>
    <time>9.081 ms</time>
  </operation>
  <operation>
    <module>modm:docs</module>
    <source>../../external/modm/tools/doc_generator/group.dox.in</source>
    <destination>modm/docs/dox/modm-driver-cycle-counter.dox</destination>
    <time>9.218 ms</time>
  </operation>
  <operation>
    <module>modm:docs</module>
    <source>../../external/modm/tools/doc_generator/group.dox.in</source>
    <destination>modm/docs/dox/modm-driver-max7219.dox</destination>
    <time>10.268 ms</time>
  </operation>
  <operation>
    <module>modm:docs</module>
    <source>../../external/modm/tools/doc_generator/group.dox.in</source>
    <destination>modm/docs/dox/modm-driver.dox</destination>
    <time>9.894 ms</time>
  </operation>
  <operation>
    <module>modm:docs</module>
    <source>../../external/modm/tools/doc_generator/group.dox.in</source>
    <destination>modm/docs/dox/modm-ide-vscode.dox</destination>
    <time>9.377 ms</time>
  </operation>
  <operation>
    <module>modm:docs</module>
    <source>../../external/modm/tools/doc_generator/group.dox.in</source>
    <destination>modm/docs/dox/modm-ide.dox</destination>
    <time>9.434 ms</time>
  </operation>
  <operation>
    <module>modm:docs</module>
    <source>../../external/modm/tools/doc_generator/group.dox.in</source>
    <destination>modm/docs/dox/modm-io.dox</destination>
    <time>9.817 ms</time>
  </operation>
  <operation>
    <module>modm:docs</module>
    <source>../../external/modm/tools/doc_generator/group.dox.in</source>
    <destination>modm/docs/dox/modm-math-algorithm.dox</destination>
    <time>5.851 ms</time>
  </operation>
  <operation>
    <module>modm:docs</module>
    <source>../../external/modm/tools/doc_generator/group.dox.in</source>
    <destination>modm/docs/dox/modm-math-geometry.dox</destination>
    <time>5.536 ms</time>
  </operation>
  <operation>
    <module>modm:docs</module>
    <source>../../external/modm/tools/doc_generator/group.dox.in</source>
    <destination>modm/docs/dox/modm-math-matrix.dox</destination>
    <time>4.671 ms</time>
  </operation>
  <operation>
    <module>modm:docs</module>
    <source>../../external/modm/tools/doc_generator/group.dox.in</source>
    <destination>modm/docs/dox/modm-math-units.dox</destination>
    <time>5.670 ms</time>
  </operation>
  <operation>
    <module>modm:docs</module>
    <source>../../external/modm/tools/doc_generator/group.dox.in</source>
    <destination>modm/docs/dox/modm-math-utils.dox</destination>
    <time>7.519 ms</time>
  </operation>
  <operation>
    <module>modm:docs</module>
    <source>../../external/modm/tools/doc_generator/group.dox.in</source>
    <destination>modm/docs/dox/modm-math.dox</destination>
    <time>8.914 ms</time>
  </operation>
  <operation>
    <module>modm:docs</module>
    <source>../../external/modm/tools/doc_generator/group.dox.in</source>
    <destination>modm/docs/dox/modm-platform-clock.dox</destination>
    <time>11.107 ms</time>
  </operation>
  <operation>
    <module>modm:docs</module>
    <source>../../external/modm/tools/doc_generator/group.dox.in</source>
    <destination>modm/docs/dox/modm-platform-core.dox</destination>
    <time>11.979 ms</time>
  </operation>
  <operation>
    <module>modm:docs</module>
    <source>../../external/modm/tools/doc_generator/group.dox.in</source>
    <destination>modm/docs/dox/modm-platform-cortex-m.dox</destination>
    <time>6.629 ms</time>
  </operation>
  <operation>
    <module>modm:docs</module>
    <source>../../external/modm/tools/doc_generator/group.dox.in</source>
    <destination>modm/docs/dox/modm-platform-gpio.dox</destination>
    <time>5.005 ms</time>
  </operation>
  <operation>
    <module>modm:docs</module>
    <source>../../external/modm/tools/doc_generator/group.dox.in</source>
    <destination>modm/docs/dox/modm-platform-rcc.dox</destination>
    <time>4.952 ms</time>
  </operation>
  <operation>
    <module>modm:docs</module>
    <source>../../external/modm/tools/doc_generator/group.dox.in</source>
    <destination>modm/docs/dox/modm-platform-spi-1.dox</destination>
    <time>4.917 ms</time>
  </operation>
  <operation>
    <module>modm:docs</module>
    <source>../../external/modm/tools/doc_generator/group.dox.in</source>
    <destination>modm/docs/dox/modm-platform-spi.dox</destination>
    <time>7.119 ms</time>
  </operation>
  <operation>
    <module>modm:docs</module>
    <source>../../external/modm/tools/doc_generator/group.dox.in</source>
    <destination>modm/docs/dox/modm-platform-uart-3.dox</destination>
    <time>5.376 ms</time>
  </operation>
  <operation>
    <module>modm:docs</module>
    <source>../../external/modm/tools/doc_generator/group.dox.in</source>
    <destination>modm/docs/dox/modm-platform-uart.dox</destination>
    <time>5.514 ms</time>
  </operation>
  <operation>
    <module>modm:docs</module>
    <source>../../external/modm/tools/doc_generator/group.dox.in</source>
    <destination>modm/docs/dox/modm-platform.dox</destination>
    <time>11.541 ms</time>
  </operation>
  <operation>
    <module>modm:docs</module>
    <source>../../external/modm/tools/doc_generator/group.dox.in</source>
    <destination>modm/docs/dox/modm-printf.dox</destination>
    <time>5.423 ms</time>
  </operation>
  <operation>
    <module>modm:docs</module>
    <source>../../external/modm/tools/doc_generator/group.dox.in</source>
    <destination>modm/docs/dox/modm-processing-resumable.dox</destination>
    <time>5.687 ms</time>
  </operation>
  <operation>
    <module>modm:docs</module>
    <source>../../external/modm/tools/doc_generator/group.dox.in</source>
    <destination>modm/docs/dox/modm-processing.dox</destination>
    <time>7.480 ms</time>
  </operation>
  <operation>
    <module>modm:docs</module>
    <source>../../external/modm/tools/doc_generator/group.dox.in</source>
    <destination>modm/docs/dox/modm-stdc--.dox</destination>
    <time>5.580 ms</time>
  </operation>
  <operation>
    <module>modm:docs</module>
    <source>../../external/modm/tools/doc_generator/group.dox.in</source>
    <destination>modm/docs/dox/modm-stdc.dox</destination>
    <time>8.112 ms</time>
  </operation>
  <operation>
    <module>modm:docs</module>
    <source>../../external/modm/tools/doc_generator/group.dox.in</source>
    <destination>modm/docs/dox/modm-ui-color.dox</destination>
    <time>5.069 ms</time>
  </operation>
  <operation>
    <module>modm:docs</module>
    <source>../../external/modm/tools/doc_generator/group.dox.in</source>
    <destination>modm/docs/dox/modm-ui-display.dox</destination>
    <time>5.532 ms</time>
  </operation>
  <operation>
    <module>modm:docs</module>
    <source>../../external/modm/tools/doc_generator/group.dox.in</source>
    <destination>modm/docs/dox/modm-ui.dox</destination>
    <time>5.238 ms</time>
  </operation>
  <operation>
    <module>modm:docs</module>
    <source>../../external/modm/tools/doc_generator/group.dox.in</source>
    <destination>modm/docs/dox/modm-utils.dox</destination>
    <time>6.695 ms</time>
  </operation>
  <operation>
    <module>modm:driver:cycle_counter</module>
    <source>../../external/modm/src/modm/driver/time/cycle_counter.hpp.in</source>
    <destination>modm/src/modm/driver/time/cycle_counter.hpp</destination>
    <time>4.256 ms</time>
  </operation>
  <operation>
    <module>modm:driver:max7219</module>
    <source>../../external/modm/src/modm/driver/display/max7219.hpp</source>
    <destination>modm/src/modm/driver/display/max7219.hpp</destination>
    <time>0.202 ms</time>
  </operation>
  <operation>
    <module>modm:driver:max7219</module>
    <source>../../external/modm/src/modm/driver/display/max7219_matrix.hpp</source>
    <destination>modm/src/modm/driver/display/max7219_matrix.hpp</destination>
    <time>0.163 ms</time>
  </operation>
  <operation>
    <module>modm:driver:max7219</module>
    <source>../../external/modm/src/modm/driver/display/max7219_matrix_horizontal.hpp</source>
    <destination>modm/src/modm/driver/display/max7219_matrix_horizontal.hpp</destination>
    <time>0.160 ms</time>
  </operation>
  <operation>
    <module>modm:ide:vscode</module>
    <source>../../external/modm/tools/ide/vscode/c_cpp_properties.json.in</source>
    <destination>.vscode/c_cpp_properties.json</destination>
    <time>6.604 ms</time>
  </operation>
  <operation>
    <module>modm:ide:vscode</module>
    <source>../../external/modm/tools/ide/vscode/launch.json.in</source>
    <destination>.vscode/launch.json</destination>
    <time>5.603 ms</time>
  </operation>
  <operation>
    <module>modm:io</module>
    <source>../../external/modm/src/modm/io/io.hpp</source>
    <destination>modm/src/modm/io.hpp</destination>
    <time>0.215 ms</time>
  </operation>
  <operation>
    <module>modm:io</module>
    <source>../../external/modm/src/modm/io/iodevice.hpp</source>
    <destination>modm/src/modm/io/iodevice.hpp</destination>
    <time>0.168 ms</time>
  </operation>
  <operation>
    <module>modm:io</module>
    <source>../../external/modm/src/modm/io/iodevice_wrapper.hpp</source>
    <destination>modm/src/modm/io/iodevice_wrapper.hpp</destination>
    <time>0.180 ms</time>
  </operation>
  <operation>
    <module>modm:io</module>
    <source>../../external/modm/src/modm/io/iostream.cpp</source>
    <destination>modm/src/modm/io/iostream.cpp</destination>
    <time>0.114 ms</time>
  </operation>
  <operation>
    <module>modm:io</module>
    <source>../../external/modm/src/modm/io/iostream.hpp.in</source>
    <destination>modm/src/modm/io/iostream.hpp</destination>
    <time>6.527 ms</time>
  </operation>
  <operation>
    <module>modm:io</module>
    <source>../../external/modm/src/modm/io/iostream_printf.cpp.in</source>
    <destination>modm/src/modm/io/iostream_printf.cpp</destination>
    <time>6.757 ms</time>
  </operation>
  <operation>
    <module>modm:io</module>
    <source>../../external/modm/src/modm/io/module.md</source>
    <destination>modm/src/modm/io/module.md</destination>
    <time>0.121 ms</time>
  </operation>
  <operation>
    <module>modm:math</module>
    <source>../../external/modm/src/modm/math/math.hpp.in</source>
    <destination>modm/src/modm/math.hpp</destination>
    <time>1.630 ms</time>
  </operation>
  <operation>
    <module>modm:math</module>
    <source>../../external/modm/src/modm/math/tolerance.hpp</source>
    <destination>modm/src/modm/math/tolerance.hpp</destination>
    <time>0.193 ms</time>
  </operation>
  <operation>
    <module>modm:math:algorithm</module>
    <source>../../external/modm/src/modm/math/algorithm.hpp</source>
    <destination>modm/src/modm/math/algorithm.hpp</destination>
    <time>0.172 ms</time>
  </operation>
  <operation>
    <module>modm:math:algorithm</module>
    <source>../../external/modm/src/modm/math/algorithm/enumerate.hpp</source>
    <destination>modm/src/modm/math/algorithm/enumerate.hpp</destination>
    <time>0.115 ms</time>
  </operation>
  <operation>
    <module>modm:math:algorithm</module>
    <source>../../external/modm/src/modm/math/algorithm/module.md</source>
    <destination>modm/src/modm/math/algorithm/module.md</destination>
    <time>0.119 ms</time>
  </operation>
  <operation>
    <module>modm:math:algorithm</module>
    <source>../../external/modm/src/modm/math/algorithm/prescaler.hpp</source>
    <destination>modm/src/modm/math/algorithm/prescaler.hpp</destination>
    <time>0.117 ms</time>
  </operation>
  <operation>
    <module>modm:math:algorithm</module>
    <source>../../external/modm/src/modm/math/algorithm/prescaler_counter.hpp</source>
    <destination>modm/src/modm/math/algorithm/prescaler_counter.hpp</destination>
    <time>0.226 ms</time>
  </operation>
  <operation>
    <module>modm:math:algorithm</module>
    <source>../../external/modm/src/modm/math/algorithm/range.hpp</source>
    <destination>modm/src/modm/math/algorithm/range.hpp</destination>
    <time>0.125 ms</time>
  </operation>
  <operation>
    <module>modm:math:geometry</module>
    <source>../../external/modm/src/modm/math/geometry.hpp</source>
    <destination>modm/src/modm/math/geometry.hpp</destination>
    <time>0.165 ms</time>
  </operation>
  <operation>
    <module>modm:math:geometry</module>
    <source>../../external/modm/src/modm/math/geometry/angle.cpp</source>
    <destination>modm/src/modm/math/geometry/angle.cpp</destination>
    <time>0.110 ms</time>
  </operation>
  <operation>
    <module>modm:math:geometry</module>
    <source>../../external/modm/src/modm/math/geometry/angle.hpp</source>
    <destination>modm/src/modm/math/geometry/angle.hpp</destination>
    <time>0.115 ms</time>
  </operation>
  <operation>
    <module>modm:math:geometry</module>
    <source>../../external/modm/src/modm/math/geometry/angle_int.hpp</source>
    <destination>modm/src/modm/math/geometry/angle_int.hpp</destination>
    <time>0.110 ms</time>
  </operation>
  <operation>
    <module>modm:math:geometry</module>
    <source>../../external/modm/src/modm/math/geometry/circle_2d.hpp</source>
    <destination>modm/src/modm/math/geometry/circle_2d.hpp</destination>
    <time>0.110 ms</time>
  </operation>
  <operation>
    <module>modm:math:geometry</module>
    <source>../../external/modm/src/modm/math/geometry/circle_2d_impl.hpp</source>
    <destination>modm/src/modm/math/geometry/circle_2d_impl.hpp</destination>
    <time>0.114 ms</time>
  </operation>
  <operation>
    <module>modm:math:geometry</module>
    <source>../../external/modm/src/modm/math/geometry/geometric_traits.hpp</source>
    <destination>modm/src/modm/math/geometry/geometric_traits.hpp</destination>
    <time>0.111 ms</time>
  </operation>
  <operation>
    <module>modm:math:geometry</module>
    <source>../../external/modm/src/modm/math/geometry/line_2d.hpp</source>
    <destination>modm/src/modm/math/geometry/line_2d.hpp</destination>
    <time>0.110 ms</time>
  </operation>
  <operation>
    <module>modm:math:geometry</module>
    <source>../../external/modm/src/modm/math/geometry/line_2d_impl.hpp</source>
    <destination>modm/src/modm/math/geometry/line_2d_impl.hpp</destination>
    <time>0.109 ms</time>
  </operation>
  <operation>
    <module>modm:math:geometry</module>
    <source>../../external/modm/src/modm/math/geometry/line_segment_2d.hpp</source>
    <destination>modm/src/modm/math/geometry/line_segment_2d.hpp</destination>
    <time>0.109 ms</time>
  </operation>
  <operation>
    <module>modm:math:geometry</module>
    <source>../../external/modm/src/modm/math/geometry/line_segment_2d_impl.hpp</source>
    <destination>modm/src/modm/math/geometry/line_segment_2d_impl.hpp</destination>
    <time>0.117 ms</time>
  </operation>
  <operation>
    <module>modm:math:geometry</module>
    <source>../../external/modm/src/modm/math/geometry/location_2d.hpp</source>
    <destination>modm/src/modm/math/geometry/location_2d.hpp</destination>
    <time>0.111 ms</time>
  </operation>
  <operation>
    <module>modm:math:geometry</module>
    <source>../../external/modm/src/modm/math/geometry/location_2d_impl.hpp</source>
    <destination>modm/src/modm/math/geometry/location_2d_impl.hpp</destination>
    <time>0.131 ms</time>
  </operation>
  <operation>
    <module>modm:math:geometry</module>
    <source>../../external/modm/src/modm/math/geometry/point_set_2d.hpp</source>
    <destination>modm/src/modm/math/geometry/point_set_2d.hpp</destination>
    <time>0.170 ms</time>
  </operation>
  <operation>
    <module>modm:math:geometry</module>
    <source>../../external/modm/src/modm/math/geometry/point_set_2d_impl.hpp</source>
    <destination>modm/src/modm/math/geometry/point_set_2d_impl.hpp</destination>
    <time>0.109 ms</time>
  </operation>
  <operation>
    <module>modm:math:geometry</module>
    <source>../../external/modm/src/modm/math/geometry/polygon_2d.hpp</source>
    <destination>modm/src/modm/math/geometry/polygon_2d.hpp</destination>
    <time>0.108 ms</time>
  </operation>
  <operation>
    <module>modm:math:geometry</module>
    <source>../../external/modm/src/modm/math/geometry/polygon_2d_impl.hpp</source>
    <destination>modm/src/modm/math/geometry/polygon_2d_impl.hpp</destination>
    <time>0.114 ms</time>
  </operation>
  <operation>
    <module>modm:math:geometry</module>
    <source>../../external/modm/src/modm/math/geometry/quaternion.hpp</source>
    <destination>modm/src/modm/math/geometry/quaternion.hpp</destination>
    <time>0.111 ms</time>
  </operation>
  <operation>
    <module>modm:math:geometry</module>
    <source>../../external/modm/src/modm/math/geometry/quaternion_impl.hpp</source>
    <destination>modm/src/modm/math/geometry/quaternion_impl.hpp</destination>
    <time>0.116 ms</time>
  </operation>
  <operation>
    <module>modm:math:geometry</module>
    <source>../../external/modm/src/modm/math/geometry/ray_2d.hpp</source>
    <destination>modm/src/modm/math/geometry/ray_2d.hpp</destination>
    <time>0.109 ms</time>
  </operation>
  <operation>
    <module>modm:math:geometry</module>
    <source>../../external/modm/src/modm/math/geometry/ray_2d_impl.hpp</source>
    <destination>modm/src/modm/math/geometry/ray_2d_impl.hpp</destination>
    <time>0.118 ms</time>
  </operation>
  <operation>
    <module>modm:math:geometry</module>
    <source>../../external/modm/src/modm/math/geometry/vector.hpp</source>
    <destination>modm/src/modm/math/geometry/vector.hpp</destination>
    <time>0.109 ms</time>
  </operation>
  <operation>
    <module>modm:math:geometry</module>
    <source>../../external/modm/src/modm/math/geometry/vector1.hpp</source>
    <destination>modm/src/modm/math/geometry/vector1.hpp</destination>
    <time>0.112 ms</time>
  </operation>
  <operation>
    <module>modm:math:geometry</module>
    <source>../../external/modm/src/modm/math/geometry/vector1_impl.hpp</source>
    <destination>modm/src/modm/math/geometry/vector1_impl.hpp</destination>
    <time>0.112 ms</time>
  </operation>
  <operation>
    <module>modm:math:geometry</module>
    <source>../../external/modm/src/modm/math/geometry/vector2.cpp</source>
    <destination>modm/src/modm/math/geometry/vector2.cpp</destination>
    <time>0.109 ms</time>
  </operation>
  <operation>
    <module>modm:math:geometry</module>
    <source>../../external/modm/src/modm/math/geometry/vector2.hpp</source>
    <destination>modm/src/modm/math/geometry/vector2.hpp</destination>
    <time>0.118 ms</time>
  </operation>
  <operation>
    <module>modm:math:geometry</module>
    <source>../../external/modm/src/modm/math/geometry/vector2_impl.hpp</source>
    <destination>modm/src/modm/math/geometry/vector2_impl.hpp</destination>
    <time>0.118 ms</time>
  </operation>
  <operation>
    <module>modm:math:geometry</module>
    <source>../../external/modm/src/modm/math/geometry/vector3.hpp</source>
    <destination>modm/src/modm/math/geometry/vector3.hpp</destination>
    <time>0.116 ms</time>
  </operation>
  <operation>
    <module>modm:math:geometry</module>
    <source>../../external/modm/src/modm/math/geometry/vector3_impl.hpp</source>
    <destination>modm/src/modm/math/geometry/vector3_impl.hpp</destination>
    <time>0.118 ms</time>
  </operation>
  <operation>
    <module>modm:math:geometry</module>
    <source>../../external/modm/src/modm/math/geometry/vector4.hpp</source>
    <destination>modm/src/modm/math/geometry/vector4.hpp</destination>
    <time>0.123 ms</time>
  </operation>
  <operation>
    <module>modm:math:geometry</module>
    <source>../../external/modm/src/modm/math/geometry/vector4_impl.hpp</source>
    <destination>modm/src/modm/math/geometry/vector4_impl.hpp</destination>
    <time>0.122 ms</time>
  </operation>
  <operation>
    <module>modm:math:geometry</module>
    <source>../../external/modm/src/modm/math/geometry/vector_impl.hpp</source>
    <destination>modm/src/modm/math/geometry/vector_impl.hpp</destination>
    <time>0.114 ms</time>
  </operation>
  <operation>
    <module>modm:math:matrix</module>
    <source>../../external/modm/src/modm/math/lu_decomposition.hpp</source>
    <destination>modm/src/modm/math/lu_decomposition.hpp</destination>
    <time>0.165 ms</time>
  </operation>
  <operation>
    <module>modm:math:matrix</module>
    <source>../../external/modm/src/modm/math/lu_decomposition_impl.hpp</source>
    <destination>modm/src/modm/math/lu_decomposition_impl.hpp</destination>
    <time>0.169 ms</time>
  </operation>
  <operation>
    <module>modm:math:matrix</module>
    <source>../../external/modm/src/modm/math/matrix.hpp</source>
    <destination>modm/src/modm/math/matrix.hpp</destination>
    <time>0.180 ms</time>
  </operation>
  <operation>
    <module>modm:math:matrix</module>
    <source>../../external/modm/src/modm/math/matrix_impl.hpp</source>
    <destination>modm/src/modm/math/matrix_impl.hpp</destination>
    <time>0.178 ms</time>
  </operation>
  <operation>
    <module>modm:math:units</module>
    <source>../../external/modm/src/modm/math/units.hpp</source>
    <destination>modm/src/modm/math/units.hpp</destination>
    <time>0.189 ms</time>
  </operation>
  <operation>
    <module>modm:math:utils</module>
    <source>../../external/modm/src/modm/math/utils.hpp</source>
    <destination>modm/src/modm/math/utils.hpp</destination>
    <time>0.164 ms</time>
  </operation>
  <operation>
    <module>modm:math:utils</module>
    <source>../../external/modm/src/modm/math/utils/arithmetic_traits.hpp</source>
    <destination>modm/src/modm/math/utils/arithmetic_traits.hpp</destination>
    <time>0.120 ms</time>
  </operation>
  <operation>
    <module>modm:math:utils</module>
    <source>../../external/modm/src/modm/math/utils/bit_constants.hpp</source>
    <destination>modm/src/modm/math/utils/bit_constants.hpp</destination>
    <time>0.112 ms</time>
  </operation>
  <operation>
    <module>modm:math:utils</module>
    <source>../../external/modm/src/modm/math/utils/bit_operation.cpp</source>
    <destination>modm/src/modm/math/utils/bit_operation.cpp</destination>
    <time>0.112 ms</time>
  </operation>
  <operation>
    <module>modm:math:utils</module>
    <source>../../external/modm/src/modm/math/utils/bit_operation.hpp</source>
    <destination>modm/src/modm/math/utils/bit_operation.hpp</destination>
    <time>0.119 ms</time>
  </operation>
  <operation>
    <module>modm:math:utils</module>
    <source>../../external/modm/src/modm/math/utils/crc.hpp</source>
    <destination>modm/src/modm/math/utils/crc.hpp</destination>
    <time>0.110 ms</time>
  </operation>
  <operation>
    <module>modm:math:utils</module>
    <source>../../external/modm/src/modm/math/utils/endianness.hpp</source>
    <destination>modm/src/modm/math/utils/endianness.hpp</destination>
    <time>0.114 ms</time>
  </operation>
  <operation>
    <module>modm:math:utils</module>
    <source>../../external/modm/src/modm/math/utils/integer_traits.hpp</source>
    <destination>modm/src/modm/math/utils/integer_traits.hpp</destination>
    <time>0.111 ms</time>
  </operation>
  <operation>
    <module>modm:math:utils</module>
    <source>../../external/modm/src/modm/math/utils/misc.hpp</source>
    <destination>modm/src/modm/math/utils/misc.hpp</destination>
    <time>0.116 ms</time>
  </operation>
  <operation>
    <module>modm:math:utils</module>
    <source>../../external/modm/src/modm/math/utils/operator.hpp</source>
    <destination>modm/src/modm/math/utils/operator.hpp</destination>
    <time>0.123 ms</time>
  </operation>
  <operation>
    <module>modm:math:utils</module>
    <source>../../external/modm/src/modm/math/utils/operator_impl.hpp</source>
    <destination>modm/src/modm/math/utils/operator_impl.hpp</destination>
    <time>0.375 ms</time>
  </operation>
  <operation>
    <module>modm:math:utils</module>
    <source>../../external/modm/src/modm/math/utils/pc/operator.cpp</source>
    <destination>modm/src/modm/math/utils/pc/operator.cpp</destination>
    <time>0.172 ms</time>
  </operation>
  <operation>
    <module>modm:platform</module>
    <source>../../external/modm/src/modm/platform/platform.hpp.in</source>
    <destination>modm/src/modm/platform.hpp</destination>
    <time>1.430 ms</time>
  </operation>
  <operation>
    <module>modm:platform:clock</module>
    <source>../../external/modm/src/modm/platform/clock/systick/systick_timer.cpp.in</source>
    <destination>modm/src/modm/platform/clock/systick_timer.cpp</destination>
    <time>6.181 ms</time>
  </operation>
  <operation>
    <module>modm:platform:clock</module>
    <source>../../external/modm/src/modm/platform/clock/systick/systick_timer.hpp.in</source>
    <destination>modm/src/modm/platform/clock/systick_timer.hpp</destination>
    <time>5.056 ms</time>
  </operation>
  <operation>
    <module>modm:platform:core</module>
    <source>../../external/modm/src/modm/platform/core/cortex/delay_impl.hpp.in</source>
    <destination>modm/src/modm/platform/core/delay_impl.hpp</destination>
    <time>1.425 ms</time>
  </operation>
  <operation>
    <module>modm:platform:core</module>
    <source>../../external/modm/src/modm/platform/core/cortex/delay_ns.cpp.in</source>
    <destination>modm/src/modm/platform/core/delay_ns.cpp</destination>
    <time>2.549 ms</time>
  </operation>
  <operation>
    <module>modm:platform:core</module>
    <source>../../external/modm/src/modm/platform/core/cortex/delay_ns.hpp.in</source>
    <destination>modm/src/modm/platform/core/delay_ns.hpp</destination>
    <time>0.844 ms</time>
  </operation>
  <operation>
    <module>modm:platform:core</module>
    <source>../../external/modm/src/modm/platform/core/stm32/idtcm.ld.in</source>
    <destination>modm/link/linkerscript.ld</destination>
    <time>64.409 ms</time>
  </operation>
  <operation>
    <module>modm:platform:core</module>
    <source>../../external/modm/src/modm/platform/core/stm32/startup_platform.c.in</source>
    <destination>modm/src/modm/platform/core/startup_platform.c</destination>
    <time>6.271 ms</time>
  </operation>
  <operation>
    <module>modm:platform:cortex-m</module>
    <source>../../external/modm/src/modm/platform/core/cortex/assert.cpp.in</source>
    <destination>modm/src/modm/platform/core/assert.cpp</destination>
    <time>6.982 ms</time>
  </operation>
  <operation>
    <module>modm:platform:cortex-m</module>
    <source>../../external/modm/src/modm/platform/core/cortex/assert_impl.hpp.in</source>
    <destination>modm/src/modm/platform/core/assert_impl.hpp</destination>
    <time>2.486 ms</time>
  </operation>
  <operation>
    <module>modm:platform:cortex-m</module>
    <source>../../external/modm/src/modm/platform/core/cortex/atomic_lock_impl.hpp.in</source>
    <destination>modm/src/modm/platform/core/atomic_lock_impl.hpp</destination>
    <time>2.338 ms</time>
  </operation>
  <operation>
    <module>modm:platform:cortex-m</module>
    <source>../../external/modm/src/modm/platform/core/cortex/delay.cpp.in</source>
    <destination>modm/src/modm/platform/core/delay.cpp</destination>
    <time>4.317 ms</time>
  </operation>
  <operation>
    <module>modm:platform:cortex-m</module>
    <source>../../external/modm/src/modm/platform/core/cortex/flash_reader_impl.hpp</source>
    <destination>modm/src/modm/platform/core/flash_reader_impl.hpp</destination>
    <time>0.251 ms</time>
  </operation>
  <operation>
    <module>modm:platform:cortex-m</module>
    <source>../../external/modm/src/modm/platform/core/cortex/hardware_init.hpp</source>
    <destination>modm/src/modm/platform/core/hardware_init.hpp</destination>
    <time>0.251 ms</time>
  </operation>
  <operation>
    <module>modm:platform:cortex-m</module>
    <source>../../external/modm/src/modm/platform/core/cortex/reset_handler.sx.in</source>
    <destination>modm/src/modm/platform/core/reset_handler.sx</destination>
    <time>1.553 ms</time>
  </operation>
  <operation>
    <module>modm:platform:cortex-m</module>
    <source>../../external/modm/src/modm/platform/core/cortex/startup.c.in</source>
    <destination>modm/src/modm/platform/core/startup.c</destination>
    <time>3.595 ms</time>
  </operation>
  <operation>
    <module>modm:platform:cortex-m</module>
    <source>../../external/modm/src/modm/platform/core/cortex/vectors.c.in</source>
    <destination>modm/src/modm/platform/core/vectors.c</destination>
    <time>8.504 ms</time>
  </operation>
  <operation>
    <module>modm:platform:cortex-m</module>
    <source>../../external/modm/src/modm/platform/core/cortex/vectors.hpp.in</source>
    <destination>modm/src/modm/platform/core/vectors.hpp</destination>
    <time>6.959 ms</time>
  </operation>
  <operation>
    <module>modm:platform:cortex-m</module>
    <source>../../external/modm/src/modm/platform/heap/cortex/no_heap.c.in</source>
    <destination>modm/src/modm/platform/core/no_heap.c</destination>
    <time>1.631 ms</time>
  </operation>
  <operation>
    <module>modm:platform:gpio</module>
    <source>../../external/modm/src/modm/platform/gpio/common/connector.hpp.in</source>
    <destination>modm/src/modm/platform/gpio/connector.hpp</destination>
    <time>9.259 ms</time>
  </operation>
  <operation>
    <module>modm:platform:gpio</module>
    <source>../../external/modm/src/modm/platform/gpio/common/inverted.hpp</source>
    <destination>modm/src/modm/platform/gpio/inverted.hpp</destination>
    <time>0.232 ms</time>
  </operation>
  <operation>
    <module>modm:platform:gpio</module>
    <source>../../external/modm/src/modm/platform/gpio/common/pins.hpp.in</source>
    <destination>modm/src/modm/platform/gpio/pins.hpp</destination>
    <time>5.322 ms</time>
  </operation>
  <operation>
    <module>modm:platform:gpio</module>
    <source>../../external/modm/src/modm/platform/gpio/common/port_shim.hpp.in</source>
    <destination>modm/src/modm/platform/gpio/port_shim.hpp</destination>
    <time>8.397 ms</time>
  </operation>
  <operation>
    <module>modm:platform:gpio</module>
    <source>../../external/modm/src/modm/platform/gpio/common/unused.hpp.in</source>
    <destination>modm/src/modm/platform/gpio/unused.hpp</destination>
    <time>5.237 ms</time>
  </operation>
  <operation>
    <module>modm:platform:gpio</module>
    <source>../../external/modm/src/modm/platform/gpio/stm32/base.hpp.in</source>
    <destination>modm/src/modm/platform/gpio/base.hpp</destination>
    <time>6.199 ms</time>
  </operation>
  <operation>
    <module>modm:platform:gpio</module>
    <source>../../external/modm/src/modm/platform/gpio/stm32/data.hpp.in</source>
    <destination>modm/src/modm/platform/gpio/data.hpp</destination>
    <time>60.573 ms</time>
  </operation>
  <operation>
    <module>modm:platform:gpio</module>
    <source>../../external/modm/src/modm/platform/gpio/stm32/enable.cpp.in</source>
    <destination>modm/src/modm/platform/gpio/enable.cpp</destination>
    <time>13.037 ms</time>
  </operation>
  <operation>
    <module>modm:platform:gpio</module>
    <source>../../external/modm/src/modm/platform/gpio/stm32/port.hpp.in</source>
    <destination>modm/src/modm/platform/gpio/port.hpp</destination>
    <time>4.513 ms</time>
  </operation>
  <operation>
    <module>modm:platform:gpio</module>
    <source>../../external/modm/src/modm/platform/gpio/stm32/set.hpp.in</source>
    <destination>modm/src/modm/platform/gpio/set.hpp</destination>
    <time>24.875 ms</time>
  </operation>
  <operation>
    <module>modm:platform:gpio</module>
    <source>../../external/modm/src/modm/platform/gpio/stm32/software_port.hpp.in</source>
    <destination>modm/src/modm/platform/gpio/software_port.hpp</destination>
    <time>9.257 ms</time>
  </operation>
  <operation>
    <module>modm:platform:gpio</module>
    <source>../../external/modm/src/modm/platform/gpio/stm32/static.hpp.in</source>
    <destination>modm/src/modm/platform/gpio/static.hpp</destination>
    <time>6.769 ms</time>
  </operation>
  <operation>
    <module>modm:platform:rcc</module>
    <source>../../external/modm/src/modm/platform/clock/stm32/rcc.cpp.in</source>
    <destination>modm/src/modm/platform/clock/rcc.cpp</destination>
    <time>37.171 ms</time>
  </operation>
  <operation>
    <module>modm:platform:rcc</module>
    <source>../../external/modm/src/modm/platform/clock/stm32/rcc.hpp.in</source>
    <destination>modm/src/modm/platform/clock/rcc.hpp</destination>
    <time>85.009 ms</time>
  </operation>
  <operation>
    <module>modm:platform:rcc</module>
    <source>../../external/modm/src/modm/platform/clock/stm32/rcc_impl.hpp.in</source>
    <destination>modm/src/modm/platform/clock/rcc_impl.hpp</destination>
    <time>20.799 ms</time>
  </operation>
  <operation>
    <module>modm:platform:spi</module>
    <source>../../external/modm/src/modm/platform/spi/stm32/spi_base.hpp.in</source>
    <destination>modm/src/modm/platform/spi/spi_base.hpp</destination>
    <time>3.390 ms</time>
  </operation>
  <operation>
    <module>modm:platform:spi:1</module>
    <source>../../external/modm/src/modm/platform/spi/stm32/spi_hal.hpp.in</source>
    <destination>modm/src/modm/platform/spi/spi_hal_1.hpp</destination>
    <time>7.527 ms</time>
  </operation>
  <operation>
    <module>modm:platform:spi:1</module>
    <source>../../external/modm/src/modm/platform/spi/stm32/spi_hal_impl.hpp.in</source>
    <destination>modm/src/modm/platform/spi/spi_hal_1_impl.hpp</destination>
    <time>10.494 ms</time>
  </operation>
  <operation>
    <module>modm:platform:spi:1</module>
    <source>../../external/modm/src/modm/platform/spi/stm32/spi_master.cpp.in</source>
    <destination>modm/src/modm/platform/spi/spi_master_1.cpp</destination>
    <time>3.411 ms</time>
  </operation>
  <operation>
    <module>modm:platform:spi:1</module>
    <source>../../external/modm/src/modm/platform/spi/stm32/spi_master.hpp.in</source>
    <destination>modm/src/modm/platform/spi/spi_master_1.hpp</destination>
    <time>4.357 ms</time>
  </operation>
  <operation>
    <module>modm:platform:uart</module>
    <source>../../external/modm/src/modm/platform/uart/stm32/uart.hpp</source>
    <destination>modm/src/modm/platform/uart/uart.hpp</destination>
    <time>0.208 ms</time>
  </operation>
  <operation>
    <module>modm:platform:uart</module>
    <source>../../external/modm/src/modm/platform/uart/stm32/uart_base.hpp.in</source>
    <destination>modm/src/modm/platform/uart/uart_base.hpp</destination>
    <time>4.828 ms</time>
  </operation>
  <operation>
    <module>modm:platform:uart</module>
    <source>../../external/modm/src/modm/platform/uart/stm32/uart_buffer.hpp</source>
    <destination>modm/src/modm/platform/uart/uart_buffer.hpp</destination>
    <time>0.222 ms</time>
  </operation>
  <operation>
    <module>modm:platform:uart:3</module>
    <source>../../external/modm/src/modm/platform/uart/stm32/uart.cpp.in</source>
    <destination>modm/src/modm/platform/uart/uart_3.cpp</destination>
    <time>3.623 ms</time>
  </operation>
  <operation>
    <module>modm:platform:uart:3</module>
    <source>../../external/modm/src/modm/platform/uart/stm32/uart_hal.hpp.in</source>
    <destination>modm/src/modm/platform/uart/uart_hal_3.hpp</destination>
    <time>4.972 ms</time>
  </operation>
  <operation>
    <module>modm:platform:uart:3</module>
    <source>../../external/modm/src/modm/platform/uart/stm32/uart_hal_impl.hpp.in</source>
    <destination>modm/src/modm/platform/uart/uart_hal_3_impl.hpp</destination>
    <time>16.810 ms</time>
  </operation>
  <operation>
    <module>modm:printf</module>
    <source>../../external/modm/ext/eyalroz/printf/src/printf/printf.c</source>
    <destination>modm/ext/printf/printf.c</destination>
    <time>0.224 ms</time>
  </operation>
  <operation>
    <module>modm:printf</module>
    <source>../../external/modm/ext/eyalroz/printf/src/printf/printf.h</source>
    <destination>modm/ext/printf/printf.h</destination>
    <time>0.240 ms</time>
  </operation>
  <operation>
    <module>modm:printf</module>
    <source>../../external/modm/ext/eyalroz/printf_config.h.in</source>
    <destination>modm/ext/printf/printf_config.h</destination>
    <time>1.631 ms</time>
  </operation>
  <operation>
    <module>modm:processing</module>
    <source>../../external/modm/src/modm/processing/fiber.hpp</source>
    <destination>modm/src/modm/processing/fiber.hpp</destination>
    <time>0.163 ms</time>
  </operation>
  <operation>
    <module>modm:processing</module>
    <source>../../external/modm/src/modm/processing/fiber/functions.hpp</source>
    <destination>modm/src/modm/processing/fiber/functions.hpp</destination>
    <time>0.228 ms</time>
  </operation>
  <operation>
    <module>modm:processing</module>
    <source>../../external/modm/src/modm/processing/fiber/no_yield.hpp</source>
    <destination>modm/src/modm/processing/fiber/no_yield.hpp</destination>
    <time>0.169 ms</time>
  </operation>
  <operation>
    <module>modm:processing</module>
    <source>../../external/modm/src/modm/processing/processing.hpp.in</source>
    <destination>modm/src/modm/processing.hpp</destination>
    <time>1.621 ms</time>
  </operation>
  <operation>
    <module>modm:processing</module>
    <source>../../external/modm/src/modm/processing/task.hpp</source>
    <destination>modm/src/modm/processing/task.hpp</destination>
    <time>0.182 ms</time>
  </operation>
  <operation>
    <module>modm:processing:resumable</module>
    <source>../../external/modm/src/modm/processing/resumable.hpp</source>
    <destination>modm/src/modm/processing/resumable.hpp</destination>
    <time>0.191 ms</time>
  </operation>
  <operation>
    <module>modm:processing:resumable</module>
    <source>../../external/modm/src/modm/processing/resumable/macros.hpp</source>
    <destination>modm/src/modm/processing/resumable/macros.hpp</destination>
    <time>0.246 ms</time>
  </operation>
  <operation>
    <module>modm:processing:resumable</module>
    <source>../../external/modm/src/modm/processing/resumable/nested_resumable.hpp.in</source>
    <destination>modm/src/modm/processing/resumable/nested_resumable.hpp</destination>
    <time>3.648 ms</time>
  </operation>
  <operation>
    <module>modm:processing:resumable</module>
    <source>../../external/modm/src/modm/processing/resumable/resumable.hpp</source>
    <destination>modm/src/modm/processing/resumable/resumable.hpp</destination>
    <time>0.169 ms</time>
  </operation>
  <operation>
    <module>modm:stdc</module>
    <source>../../external/modm/ext/gcc/cabi_cortex.c</source>
    <destination>modm/ext/gcc/cabi.c</destination>
    <time>0.217 ms</time>
  </operation>
  <operation>
    <module>modm:stdc++</module>
    <source>../../external/modm/ext/gcc/atomic</source>
    <destination>modm/ext/gcc/atomic</destination>
    <time>0.239 ms</time>
  </operation>
  <operation>
    <module>modm:stdc++</module>
    <source>../../external/modm/ext/gcc/atomic.cpp.in</source>
    <destination>modm/ext/gcc/atomic.cpp</destination>
    <time>4.831 ms</time>
  </operation>
  <operation>
    <module>modm:stdc++</module>
    <source>../../external/modm/ext/gcc/cxxabi.cpp.in</source>
    <destination>modm/ext/gcc/cxxabi.cpp</destination>
    <time>3.232 ms</time>
  </operation>
  <operation>
    <module>modm:stdc++</module>
    <source>../../external/modm/ext/gcc/modm_atomic.hpp.in</source>
    <destination>modm/ext/gcc/modm_atomic.hpp</destination>
    <time>13.605 ms</time>
  </operation>
  <operation>
    <module>modm:stdc++</module>
    <source>../../external/modm/ext/gcc/new_delete.cpp.in</source>
    <destination>modm/ext/gcc/new_delete.cpp</destination>
    <time>5.217 ms</time>
  </operation>
  <operation>
    <module>modm:ui:color</module>
    <source>../../external/modm/src/modm/ui/color.hpp</source>
    <destination>modm/src/modm/ui/color.hpp</destination>
    <time>0.165 ms</time>
  </operation>
  <operation>
    <module>modm:ui:color</module>
    <source>../../external/modm/src/modm/ui/color/brightness.hpp</source>
    <destination>modm/src/modm/ui/color/brightness.hpp</destination>
    <time>0.111 ms</time>
  </operation>
  <operation>
    <module>modm:ui:color</module>
    <source>../../external/modm/src/modm/ui/color/hsv.hpp</source>
    <destination>modm/src/modm/ui/color/hsv.hpp</destination>
    <time>0.114 ms</time>
  </operation>
  <operation>
    <module>modm:ui:color</module>
    <source>../../external/modm/src/modm/ui/color/hsv_impl.hpp</source>
    <destination>modm/src/modm/ui/color/hsv_impl.hpp</destination>
    <time>0.181 ms</time>
  </operation>
  <operation>
    <module>modm:ui:color</module>
    <source>../../external/modm/src/modm/ui/color/rgb.hpp</source>
    <destination>modm/src/modm/ui/color/rgb.hpp</destination>
    <time>0.116 ms</time>
  </operation>
  <operation>
    <module>modm:ui:color</module>
    <source>../../external/modm/src/modm/ui/color/rgb565.hpp</source>
    <destination>modm/src/modm/ui/color/rgb565.hpp</destination>
    <time>0.115 ms</time>
  </operation>
  <operation>
    <module>modm:ui:color</module>
    <source>../../external/modm/src/modm/ui/color/rgb_impl.hpp</source>
    <destination>modm/src/modm/ui/color/rgb_impl.hpp</destination>
    <time>0.111 ms</time>
  </operation>
  <operation>
    <module>modm:ui:color</module>
    <source>../../external/modm/src/modm/ui/color/rgbhtml.hpp</source>
    <destination>modm/src/modm/ui/color/rgbhtml.hpp</destination>
    <time>0.114 ms</time>
  </operation>
  <operation>
    <module>modm:ui:display</module>
    <source>../../external/modm/src/modm/ui/display.hpp</source>
    <destination>modm/src/modm/ui/display.hpp</destination>
    <time>0.170 ms</time>
  </operation>
  <operation>
    <module>modm:ui:display</module>
    <source>../../external/modm/src/modm/ui/display/character_display.cpp</source>
    <destination>modm/src/modm/ui/display/character_display.cpp</destination>
    <time>0.109 ms</time>
  </operation>
  <operation>
    <module>modm:ui:display</module>
    <source>../../external/modm/src/modm/ui/display/character_display.hpp</source>
    <destination>modm/src/modm/ui/display/character_display.hpp</destination>
    <time>0.110 ms</time>
  </operation>
  <operation>
    <module>modm:ui:display</module>
    <source>../../external/modm/src/modm/ui/display/color_graphic_display.hpp</source>
    <destination>modm/src/modm/ui/display/color_graphic_display.hpp</destination>
    <time>0.109 ms</time>
  </operation>
  <operation>
    <module>modm:ui:display</module>
    <source>../../external/modm/src/modm/ui/display/font.hpp</source>
    <destination>modm/src/modm/ui/display/font.hpp</destination>
    <time>0.109 ms</time>
  </operation>
  <operation>
    <module>modm:ui:display</module>
    <source>../../external/modm/src/modm/ui/display/font/SConscript.generate</source>
    <destination>modm/src/modm/ui/display/font/SConscript.generate</destination>
    <time>0.110 ms</time>
  </operation>
  <operation>
    <module>modm:ui:display</module>
    <source>../../external/modm/src/modm/ui/display/font/all_caps_3x5.cpp</source>
    <destination>modm/src/modm/ui/display/font/all_caps_3x5.cpp</destination>
    <time>0.117 ms</time>
  </operation>
  <operation>
    <module>modm:ui:display</module>
    <source>../../external/modm/src/modm/ui/display/font/all_caps_3x5.hpp</source>
    <destination>modm/src/modm/ui/display/font/all_caps_3x5.hpp</destination>
    <time>0.112 ms</time>
  </operation>
  <operation>
    <module>modm:ui:display</module>
    <source>../../external/modm/src/modm/ui/display/font/arcade_classic.cpp</source>
    <destination>modm/src/modm/ui/display/font/arcade_classic.cpp</destination>
    <time>0.115 ms</time>
  </operation>
  <operation>
    <module>modm:ui:display</module>
    <source>../../external/modm/src/modm/ui/display/font/arcade_classic.hpp</source>
    <destination>modm/src/modm/ui/display/font/arcade_classic.hpp</destination>
    <time>0.110 ms</time>
  </operation>
  <operation>
    <module>modm:ui:display</module>
    <source>../../external/modm/src/modm/ui/display/font/assertion.cpp</source>
    <destination>modm/src/modm/ui/display/font/assertion.cpp</destination>
    <time>0.122 ms</time>
  </operation>
  <operation>
    <module>modm:ui:display</module>
    <source>../../external/modm/src/modm/ui/display/font/assertion.hpp</source>
    <destination>modm/src/modm/ui/display/font/assertion.hpp</destination>
    <time>0.111 ms</time>
  </operation>
  <operation>
    <module>modm:ui:display</module>
    <source>../../external/modm/src/modm/ui/display/font/fixed_width_5x8.cpp</source>
    <destination>modm/src/modm/ui/display/font/fixed_width_5x8.cpp</destination>
    <time>0.126 ms</time>
  </operation>
  <operation>
    <module>modm:ui:display</module>
    <source>../../external/modm/src/modm/ui/display/font/fixed_width_5x8.hpp</source>
    <destination>modm/src/modm/ui/display/font/fixed_width_5x8.hpp</destination>
    <time>0.111 ms</time>
  </operation>
  <operation>
    <module>modm:ui:display</module>
    <source>../../external/modm/src/modm/ui/display/font/matrix_8x8.cpp</source>
    <destination>modm/src/modm/ui/display/font/matrix_8x8.cpp</destination>
    <time>0.110 ms</time>
  </operation>
  <operation>
    <module>modm:ui:display</module>
    <source>../../external/modm/src/modm/ui/display/font/matrix_8x8.hpp</source>
    <destination>modm/src/modm/ui/display/font/matrix_8x8.hpp</destination>
    <time>0.114 ms</time>
  </operation>
  <operation>
    <module>modm:ui:display</module>
    <source>../../external/modm/src/modm/ui/display/font/numbers_14x32.cpp</source>
    <destination>modm/src/modm/ui/display/font/numbers_14x32.cpp</destination>
    <time>0.113 ms</time>
  </operation>
  <operation>
    <module>modm:ui:display</module>
    <source>../../external/modm/src/modm/ui/display/font/numbers_14x32.hpp</source>
    <destination>modm/src/modm/ui/display/font/numbers_14x32.hpp</destination>
    <time>0.111 ms</time>
  </operation>
  <operation>
    <module>modm:ui:display</module>
    <source>../../external/modm/src/modm/ui/display/font/numbers_40x56.cpp</source>
    <destination>modm/src/modm/ui/display/font/numbers_40x56.cpp</destination>
    <time>0.124 ms</time>
  </operation>
  <operation>
    <module>modm:ui:display</module>
    <source>../../external/modm/src/modm/ui/display/font/numbers_40x56.hpp</source>
    <destination>modm/src/modm/ui/display/font/numbers_40x56.hpp</destination>
    <time>0.115 ms</time>
  </operation>
  <operation>
    <module>modm:ui:display</module>
    <source>../../external/modm/src/modm/ui/display/font/numbers_46x64.cpp</source>
    <destination>modm/src/modm/ui/display/font/numbers_46x64.cpp</destination>
    <time>0.137 ms</time>
  </operation>
  <operation>
    <module>modm:ui:display</module>
    <source>../../external/modm/src/modm/ui/display/font/numbers_46x64.hpp</source>
    <destination>modm/src/modm/ui/display/font/numbers_46x64.hpp</destination>
    <time>0.111 ms</time>
  </operation>
  <operation>
    <module>modm:ui:display</module>
    <source>../../external/modm/src/modm/ui/display/font/scripto_narrow.cpp</source>
    <destination>modm/src/modm/ui/display/font/scripto_narrow.cpp</destination>
    <time>0.116 ms</time>
  </operation>
  <operation>
    <module>modm:ui:display</module>
    <source>../../external/modm/src/modm/ui/display/font/scripto_narrow.hpp</source>
    <destination>modm/src/modm/ui/display/font/scripto_narrow.hpp</destination>
    <time>0.109 ms</time>
  </operation>
  <operation>
    <module>modm:ui:display</module>
    <source>../../external/modm/src/modm/ui/display/font/ubuntu_36.cpp</source>
    <destination>modm/src/modm/ui/display/font/ubuntu_36.cpp</destination>
    <time>0.255 ms</time>
  </operation>
  <operation>
    <module>modm:ui:display</module>
    <source>../../external/modm/src/modm/ui/display/font/ubuntu_36.hpp</source>
    <destination>modm/src/modm/ui/display/font/ubuntu_36.hpp</destination>
    <time>0.110 ms</time>
  </operation>
  <operation>
    <module>modm:ui:display</module>
    <source>../../external/modm/src/modm/ui/display/graphic_display.cpp</source>
    <destination>modm/src/modm/ui/display/graphic_display.cpp</destination>
    <time>0.114 ms</time>
  </operation>
  <operation>
    <module>modm:ui:display</module>
    <source>../../external/modm/src/modm/ui/display/graphic_display.hpp</source>
    <destination>modm/src/modm/ui/display/graphic_display.hpp</destination>
    <time>0.151 ms</time>
  </operation>
  <operation>
    <module>modm:ui:display</module>
    <source>../../external/modm/src/modm/ui/display/graphic_display_fill.cpp</source>
    <destination>modm/src/modm/ui/display/graphic_display_fill.cpp</destination>
    <time>0.110 ms</time>
  </operation>
  <operation>
    <module>modm:ui:display</module>
    <source>../../external/modm/src/modm/ui/display/graphic_display_text.cpp</source>
    <destination>modm/src/modm/ui/display/graphic_display_text.cpp</destination>
    <time>0.110 ms</time>
  </operation>
  <operation>
    <module>modm:ui:display</module>
    <source>../../external/modm/src/modm/ui/display/image.hpp</source>
    <destination>modm/src/modm/ui/display/image.hpp</destination>
    <time>0.110 ms</time>
  </operation>
  <operation>
    <module>modm:ui:display</module>
    <source>../../external/modm/src/modm/ui/display/image/home_16x16.cpp</source>
    <destination>modm/src/modm/ui/display/image/home_16x16.cpp</destination>
    <time>0.110 ms</time>
  </operation>
  <operation>
    <module>modm:ui:display</module>
    <source>../../external/modm/src/modm/ui/display/image/home_16x16.hpp</source>
    <destination>modm/src/modm/ui/display/image/home_16x16.hpp</destination>
    <time>0.109 ms</time>
  </operation>
  <operation>
    <module>modm:ui:display</module>
    <source>../../external/modm/src/modm/ui/display/image/logo_eurobot_90x64.cpp</source>
    <destination>modm/src/modm/ui/display/image/logo_eurobot_90x64.cpp</destination>
    <time>0.114 ms</time>
  </operation>
  <operation>
    <module>modm:ui:display</module>
    <source>../../external/modm/src/modm/ui/display/image/logo_eurobot_90x64.hpp</source>
    <destination>modm/src/modm/ui/display/image/logo_eurobot_90x64.hpp</destination>
    <time>0.111 ms</time>
  </operation>
  <operation>
    <module>modm:ui:display</module>
    <source>../../external/modm/src/modm/ui/display/image/logo_rca_90x64.cpp</source>
    <destination>modm/src/modm/ui/display/image/logo_rca_90x64.cpp</destination>
    <time>0.158 ms</time>
  </operation>
  <operation>
    <module>modm:ui:display</module>
    <source>../../external/modm/src/modm/ui/display/image/logo_rca_90x64.hpp</source>
    <destination>modm/src/modm/ui/display/image/logo_rca_90x64.hpp</destination>
    <time>0.110 ms</time>
  </operation>
  <operation>
    <module>modm:ui:display</module>
    <source>../../external/modm/src/modm/ui/display/image/skull_64x64.cpp</source>
    <destination>modm/src/modm/ui/display/image/skull_64x64.cpp</destination>
    <time>0.110 ms</time>
  </operation>
  <operation>
    <module>modm:ui:display</module>
    <source>../../external/modm/src/modm/ui/display/image/skull_64x64.hpp</source>
    <destination>modm/src/modm/ui/display/image/skull_64x64.hpp</destination>
    <time>0.109 ms</time>
  </operation>
  <operation>
    <module>modm:ui:display</module>
    <source>../../external/modm/src/modm/ui/display/monochrome_graphic_display.hpp</source>
    <destination>modm/src/modm/ui/display/monochrome_graphic_display.hpp</destination>
    <time>0.110 ms</time>
  </operation>
  <operation>
    <module>modm:ui:display</module>
    <source>../../external/modm/src/modm/ui/display/monochrome_graphic_display_horizontal.hpp</source>
    <destination>modm/src/modm/ui/display/monochrome_graphic_display_horizontal.hpp</destination>
    <time>0.110 ms</time>
  </operation>
  <operation>
    <module>modm:ui:display</module>
    <source>../../external/modm/src/modm/ui/display/monochrome_graphic_display_horizontal_impl.hpp</source>
    <destination>modm/src/modm/ui/display/monochrome_graphic_display_horizontal_impl.hpp</destination>
    <time>0.110 ms</time>
  </operation>
  <operation>
    <module>modm:ui:display</module>
    <source>../../external/modm/src/modm/ui/display/monochrome_graphic_display_impl.hpp</source>
    <destination>modm/src/modm/ui/display/monochrome_graphic_display_impl.hpp</destination>
    <time>0.133 ms</time>
  </operation>
  <operation>
    <module>modm:ui:display</module>
    <source>../../external/modm/src/modm/ui/display/monochrome_graphic_display_vertical.hpp</source>
    <destination>modm/src/modm/ui/display/monochrome_graphic_display_vertical.hpp</destination>
    <time>0.110 ms</time>
  </operation>
  <operation>
    <module>modm:ui:display</module>
    <source>../../external/modm/src/modm/ui/display/monochrome_graphic_display_vertical_impl.hpp</source>
    <destination>modm/src/modm/ui/display/monochrome_graphic_display_vertical_impl.hpp</destination>
    <time>0.111 ms</time>
  </operation>
  <operation>
    <module>modm:ui:display</module>
    <source>../../external/modm/src/modm/ui/display/orientation.hpp</source>
    <destination>modm/src/modm/ui/display/orientation.hpp</destination>
    <time>0.109 ms</time>
  </operation>
  <operation>
    <module>modm:ui:display</module>
    <source>../../external/modm/src/modm/ui/display/virtual_graphic_display.cpp</source>
    <destination>modm/src/modm/ui/display/virtual_graphic_display.cpp</destination>
    <time>0.111 ms</time>
  </operation>
  <operation>
    <module>modm:ui:display</module>
    <source>../../external/modm/src/modm/ui/display/virtual_graphic_display.hpp</source>
    <destination>modm/src/modm/ui/display/virtual_graphic_display.hpp</destination>
    <time>0.110 ms</time>
  </operation>
  <operation>
    <module>modm:utils</module>
    <source>../../external/modm/src/modm/utils/aligned_storage.hpp</source>
    <destination>modm/src/modm/utils/aligned_storage.hpp</destination>
    <time>0.113 ms</time>
  </operation>
  <operation>
    <module>modm:utils</module>
    <source>../../external/modm/src/modm/utils/allocator.hpp</source>
    <destination>modm/src/modm/utils/allocator.hpp</destination>
    <time>0.168 ms</time>
  </operation>
  <operation>
    <module>modm:utils</module>
    <source>../../external/modm/src/modm/utils/inplace_any.hpp</source>
    <destination>modm/src/modm/utils/inplace_any.hpp</destination>
    <time>0.122 ms</time>
  </operation>
  <operation>
    <module>modm:utils</module>
    <source>../../external/modm/src/modm/utils/inplace_function.hpp</source>
    <destination>modm/src/modm/utils/inplace_function.hpp</destination>
    <time>0.121 ms</time>
  </operation>
  <operation>
    <module>modm:utils</module>
    <source>../../external/modm/src/modm/utils/type_traits.hpp</source>
    <destination>modm/src/modm/utils/type_traits.hpp</destination>
    <time>0.110 ms</time>
  </operation>
  <operation>
    <module>modm:utils</module>
    <source>../../external/modm/src/modm/utils/utils.hpp</source>
    <destination>modm/src/modm/utils.hpp</destination>
    <time>0.162 ms</time>
  </operation>
</buildlog>
